[10:36:39] [main/WARN]: Ambiguity between arguments [teleport, destination] and [teleport, targets] with inputs: [Player, 0123, @e, dd12be42-52a9-4a91-a8a1-11c01849e498]
[10:36:39] [main/WARN]: Ambiguity between arguments [teleport, location] and [teleport, destination] with inputs: [0.1 -0.5 .9, 0 0 0]
[10:36:39] [main/WARN]: Ambiguity between arguments [teleport, location] and [teleport, targets] with inputs: [0.1 -0.5 .9, 0 0 0]
[10:36:39] [main/WARN]: Ambiguity between arguments [teleport, targets] and [teleport, destination] with inputs: [Player, 0123, dd12be42-52a9-4a91-a8a1-11c01849e498]
[10:36:39] [main/WARN]: Ambiguity between arguments [teleport, targets, location] and [teleport, targets, destination] with inputs: [0.1 -0.5 .9, 0 0 0]
[10:36:39] [Server thread/INFO]: Starting minecraft server version 1.14.2
[10:36:39] [Server thread/INFO]: Loading properties
[10:36:39] [Server thread/INFO]: Default game type: SURVIVAL
[10:36:39] [Server thread/INFO]: Generating keypair
[10:36:39] [Server thread/INFO]: Starting Minecraft server on *:25565
[10:36:39] [Server thread/INFO]: Using default channel type
[10:36:45] [Server thread/INFO]: Preparing level "world"
[10:36:45] [Server thread/INFO]: Reloading ResourceManager: Default, OnePlayerSleepV3.zip, anti enderman grief v1.0.0.zip, double shulker shells v1.0.2.zip, dragon drops elytra v1.0.2.zip, nether portal coords v1.0.0.zip, track raw statistics v1.1.0.zip
[10:36:56] [Server thread/INFO]: Loaded 6 recipes
[10:36:57] [Server thread/WARN]: Found validation problem in {minecraft:entities/ender_dragon}.pools[1].entries[0]: Unknown loot table called minecraft:entities/reference/mmh/ender_dragon
[10:36:57] [Server thread/WARN]: Found validation problem in {minecraft:entities/shulker}.pools[1].entries[0]: Unknown loot table called minecraft:entities/reference/mmh/shulker
[10:36:57] [Server thread/INFO]: Loaded 17 custom command functions
[10:36:58] [Server thread/INFO]: Loaded 811 advancements
[10:36:58] [Server thread/INFO]: Preparing start region for dimension minecraft:overworld
[10:37:00] [Server thread/INFO]: Preparing spawn area: 0%
[10:37:00] [Server thread/INFO]: Preparing spawn area: 0%
[10:37:00] [Server thread/INFO]: Preparing spawn area: 0%
[10:37:00] [Server thread/INFO]: Preparing spawn area: 0%
[10:37:00] [Server-Worker-2/INFO]: Preparing spawn area: 0%
[10:37:00] [Server thread/INFO]: Preparing spawn area: 0%
[10:37:01] [Server thread/INFO]: Time elapsed: 2951 ms
[10:37:01] [Server thread/INFO]: Done (16.174s)! For help, type "help"
[10:37:06] [Server thread/INFO]: Stopping the server
[10:37:06] [Server thread/INFO]: Stopping server
[10:37:06] [Server thread/INFO]: Saving players
[10:37:06] [Server thread/INFO]: Saving worlds
[10:37:06] [Server thread/INFO]: Saving chunks for level 'world'/minecraft:the_nether
[10:37:06] [Server thread/INFO]: ThreadedAnvilChunkStorage (DIM-1): All chunks are saved
[10:37:06] [Server thread/INFO]: Saving chunks for level 'world'/minecraft:the_end
[10:37:06] [Server thread/INFO]: ThreadedAnvilChunkStorage (DIM1): All chunks are saved
[10:37:06] [Server thread/INFO]: Saving chunks for level 'world'/minecraft:overworld
[10:37:08] [Server thread/INFO]: ThreadedAnvilChunkStorage (world): All chunks are saved
[10:37:08] [Server thread/INFO]: ThreadedAnvilChunkStorage (DIM-1): All chunks are saved
[10:37:08] [Server thread/INFO]: ThreadedAnvilChunkStorage (DIM1): All chunks are saved
[10:37:08] [Server thread/INFO]: ThreadedAnvilChunkStorage (world): All chunks are saved
